app/build/intermediates/manifest_merge_blame_file/debug/manifest-merger-blame-debug-report.txt
1<?xml version="1.0" encoding="utf-8"?>
2<manifest xmlns:android="http://schemas.android.com/apk/res/android"
3    package="com.example.shanmetta_tm"
4    android:versionCode="1"
5    android:versionName="1.0" >
6
7    <uses-sdk
8        android:minSdkVersion="21"
8-->src\main\AndroidManifest.xml
9        android:targetSdkVersion="29" />
9-->src\main\AndroidManifest.xml
10
11    <application
11-->src\main\AndroidManifest.xml:5:5-35:19
12        android:allowBackup="true"
12-->src\main\AndroidManifest.xml:6:9-35
13        android:appComponentFactory="androidx.core.app.CoreComponentFactory"
13-->[androidx.core:core:1.0.1] AndroidManifest.xml:22:18-86
14        android:debuggable="true"
15        android:icon="@mipmap/ic_launcher"
15-->src\main\AndroidManifest.xml:7:9-43
16        android:label="@string/app_name"
16-->src\main\AndroidManifest.xml:8:9-41
17        android:roundIcon="@mipmap/ic_launcher_round"
17-->src\main\AndroidManifest.xml:9:9-54
18        android:supportsRtl="true"
18-->src\main\AndroidManifest.xml:10:9-35
19        android:theme="@style/AppTheme" >
19-->src\main\AndroidManifest.xml:11:9-40
20        <activity android:name="com.example.shanmetta_tm.dataUser" />
20-->src\main\AndroidManifest.xml:12:9-55
20-->src\main\AndroidManifest.xml:12:19-43
21        <activity android:name="com.example.shanmetta_tm.hotelListAdapter" />
21-->src\main\AndroidManifest.xml:13:9-54
21-->src\main\AndroidManifest.xml:13:19-51
22        <activity android:name="com.example.shanmetta_tm.dataHotel" />
22-->src\main\AndroidManifest.xml:14:9-47
22-->src\main\AndroidManifest.xml:14:19-44
23        <activity android:name="com.example.shanmetta_tm.isimybooking" />
23-->src\main\AndroidManifest.xml:15:9-50
23-->src\main\AndroidManifest.xml:15:19-47
24        <activity android:name="com.example.shanmetta_tm.checkin" />
24-->src\main\AndroidManifest.xml:16:9-45
24-->src\main\AndroidManifest.xml:16:19-42
25        <activity android:name="com.example.shanmetta_tm.chekin" />
25-->src\main\AndroidManifest.xml:17:9-44
25-->src\main\AndroidManifest.xml:17:19-41
26        <activity android:name="com.example.shanmetta_tm.detailhotel" />
26-->src\main\AndroidManifest.xml:18:9-49
26-->src\main\AndroidManifest.xml:18:19-46
27        <activity android:name="com.example.shanmetta_tm.toolbar" />
27-->src\main\AndroidManifest.xml:19:9-45
27-->src\main\AndroidManifest.xml:19:19-42
28        <activity android:name="com.example.shanmetta_tm.mybooking" />
28-->src\main\AndroidManifest.xml:20:9-47
28-->src\main\AndroidManifest.xml:20:19-44
29        <activity android:name="com.example.shanmetta_tm.isirow" />
29-->src\main\AndroidManifest.xml:21:9-44
29-->src\main\AndroidManifest.xml:21:19-41
30        <activity android:name="com.example.shanmetta_tm.Homepages" />
30-->src\main\AndroidManifest.xml:22:9-47
30-->src\main\AndroidManifest.xml:22:19-44
31        <activity android:name="com.example.shanmetta_tm.Register" />
31-->src\main\AndroidManifest.xml:23:9-46
31-->src\main\AndroidManifest.xml:23:19-43
32        <activity android:name="com.example.shanmetta_tm.MainActivity" >
32-->src\main\AndroidManifest.xml:24:9-30:20
32-->src\main\AndroidManifest.xml:24:19-47
33            <intent-filter>
33-->src\main\AndroidManifest.xml:25:13-29:29
34                <action android:name="android.intent.action.MAIN" />
34-->src\main\AndroidManifest.xml:26:17-69
34-->src\main\AndroidManifest.xml:26:25-66
35
36                <category android:name="android.intent.category.LAUNCHER" />
36-->src\main\AndroidManifest.xml:28:17-77
36-->src\main\AndroidManifest.xml:28:27-74
37            </intent-filter>
38        </activity>
39
40        <meta-data
40-->src\main\AndroidManifest.xml:32:9-34:57
41            android:name="preloaded_fonts"
41-->src\main\AndroidManifest.xml:33:13-43
42            android:resource="@array/preloaded_fonts" />
42-->src\main\AndroidManifest.xml:34:13-54
43    </application>
44
45</manifest>